Build started 7/31/2013 5:57:46 PM.
     1>Project "c:\Users\Cory\documents\visual studio 2013\Projects\EngineScript\EngineScript\EngineScriptComp\EngineScriptComp.vcxproj" on node 2 (Build target(s)).
     1>FxCompile:
         C:\Program Files (x86)\Windows Kits\8.0\bin\x86\fxc.exe /nologo /E"main" /T ps_4_0_level_9_3 /Fo "c:\users\cory\documents\visual studio 2013\Projects\EngineScript\Debug\EngineScriptComp\SimplePixelShader.cso" /Zi SimplePixelShader.hlsl 
         compilation object save succeeded; see c:\users\cory\documents\visual studio 2013\Projects\EngineScript\Debug\EngineScriptComp\SimplePixelShader.cso
         C:\Program Files (x86)\Windows Kits\8.0\bin\x86\fxc.exe /nologo /E"main" /T vs_4_0_level_9_3 /Fo "c:\users\cory\documents\visual studio 2013\Projects\EngineScript\Debug\EngineScriptComp\SimpleVertexShader.cso" /Zi SimpleVertexShader.hlsl 
         compilation object save succeeded; see c:\users\cory\documents\visual studio 2013\Projects\EngineScript\Debug\EngineScriptComp\SimpleVertexShader.cso
       ClCompile:
         C:\Program Files (x86)\Microsoft Visual Studio 11.0\VC\WPSDK\WP80\bin\CL.exe /c /I"c:\Users\Cory\documents\visual studio 2013\Projects\EngineScript\EngineScript\EngineScriptComp\\" /I"Generated Files\\" /IDebug\ /AI"C:\Program Files (x86)\Windows Phone Kits\8.0\Windows Metadata" /ZI /ZW /ZW:nostdlib /nologo /W3 /WX- /sdl /MP /Od /Oy- /D _WINRT_DLL /D _WINDLL /D _UNICODE /D UNICODE /D _DEBUG /D WINAPI_FAMILY=WINAPI_FAMILY_PHONE_APP /Gm- /EHsc /RTC1 /MDd /GS /fp:precise /Zc:wchar_t /Zc:forScope /Yc"pch.h" /Fp"Debug\EngineScriptComp.pch" /Fo"Debug\\" /Fd"Debug\vc110.pdb" /Gd /TP /FU"C:\Program Files (x86)\Microsoft Visual Studio 11.0\VC\WPSDK\WP80\lib\platform.winmd" /FU"C:\Program Files (x86)\Windows Phone Kits\8.0\Windows Metadata\Windows.winmd" /analyze- /errorReport:prompt pch.cpp
         pch.cpp
         C:\Program Files (x86)\Microsoft Visual Studio 11.0\VC\WPSDK\WP80\bin\CL.exe /c /I"c:\Users\Cory\documents\visual studio 2013\Projects\EngineScript\EngineScript\EngineScriptComp\\" /I"Generated Files\\" /IDebug\ /AI"C:\Program Files (x86)\Windows Phone Kits\8.0\Windows Metadata" /ZI /ZW /ZW:nostdlib /nologo /W3 /WX- /sdl /MP /Od /Oy- /D _WINRT_DLL /D _WINDLL /D _UNICODE /D UNICODE /D _DEBUG /D WINAPI_FAMILY=WINAPI_FAMILY_PHONE_APP /Gm- /EHsc /RTC1 /MDd /GS /fp:precise /Zc:wchar_t /Zc:forScope /Yu"pch.h" /Fp"Debug\EngineScriptComp.pch" /Fo"Debug\\" /Fd"Debug\vc110.pdb" /Gd /TP /FU"C:\Program Files (x86)\Microsoft Visual Studio 11.0\VC\WPSDK\WP80\lib\platform.winmd" /FU"C:\Program Files (x86)\Windows Phone Kits\8.0\Windows Metadata\Windows.winmd" /analyze- /errorReport:prompt Direct3DInterop.cpp CubeRenderer.cpp Direct3DBase.cpp Direct3DContentProvider.cpp
         Direct3DInterop.cpp
         CubeRenderer.cpp
         Direct3DBase.cpp
         Direct3DContentProvider.cpp
       Link:
         C:\Program Files (x86)\Microsoft Visual Studio 11.0\VC\WPSDK\WP80\bin\link.exe /ERRORREPORT:PROMPT /OUT:"c:\users\cory\documents\visual studio 2013\Projects\EngineScript\Debug\EngineScriptComp\EngineScriptComp.dll" /INCREMENTAL /NOLOGO d3d11.lib WindowsPhoneCore.lib RuntimeObject.lib PhoneAppModelHost.lib /NODEFAULTLIB:ole32.lib /MANIFEST:NO /DEBUG /PDB:"c:\users\cory\documents\visual studio 2013\Projects\EngineScript\Debug\EngineScriptComp\EngineScriptComp.pdb" /SUBSYSTEM:CONSOLE /TLBID:1 /WINMD /WINMDFILE:"c:\users\cory\documents\visual studio 2013\Projects\EngineScript\Debug\EngineScriptComp\EngineScriptComp.winmd" /DYNAMICBASE /NXCOMPAT /MACHINE:X86 /DLL Debug\Direct3DInterop.obj
         Debug\CubeRenderer.obj
         Debug\Direct3DBase.obj
         Debug\Direct3DContentProvider.obj
         Debug\pch.obj
            Creating library c:\users\cory\documents\visual studio 2013\Projects\EngineScript\Debug\EngineScriptComp\EngineScriptComp.lib and object c:\users\cory\documents\visual studio 2013\Projects\EngineScript\Debug\EngineScriptComp\EngineScriptComp.exp
         EngineScriptComp.vcxproj -> c:\users\cory\documents\visual studio 2013\Projects\EngineScript\Debug\EngineScriptComp\EngineScriptComp.dll
     1>Done Building Project "c:\Users\Cory\documents\visual studio 2013\Projects\EngineScript\EngineScript\EngineScriptComp\EngineScriptComp.vcxproj" (Build target(s)).

Build succeeded.

Time Elapsed 00:00:17.45
